Determining size of unsigned __int16 failed with the following output:
Change Dir: /home/cwk/bztree/build/pmwcas/src/PMWCAS-build/CMakeFiles/CMakeTmp

Run Build Command(s):/usr/bin/gmake -f Makefile cmTC_3d8ef/fast && gmake[3]: Entering directory '/home/cwk/bztree/build/pmwcas/src/PMWCAS-build/CMakeFiles/CMakeTmp'
/usr/bin/gmake  -f CMakeFiles/cmTC_3d8ef.dir/build.make CMakeFiles/cmTC_3d8ef.dir/build
gmake[4]: Entering directory '/home/cwk/bztree/build/pmwcas/src/PMWCAS-build/CMakeFiles/CMakeTmp'
Building C object CMakeFiles/cmTC_3d8ef.dir/HAVE___UINT16.c.o
/usr/bin/cc    -o CMakeFiles/cmTC_3d8ef.dir/HAVE___UINT16.c.o -c /home/cwk/bztree/build/pmwcas/src/PMWCAS-build/CMakeFiles/CheckTypeSize/HAVE___UINT16.c
/home/cwk/bztree/build/pmwcas/src/PMWCAS-build/CMakeFiles/CheckTypeSize/HAVE___UINT16.c:27:31: error: expected ‘)’ before ‘__int16’
   27 | #define SIZE (sizeof(unsigned __int16))
      |                     ~         ^~~~~~~
/home/cwk/bztree/build/pmwcas/src/PMWCAS-build/CMakeFiles/CheckTypeSize/HAVE___UINT16.c:29:12: note: in expansion of macro ‘SIZE’
   29 |   ('0' + ((SIZE / 10000)%10)),
      |            ^~~~
/home/cwk/bztree/build/pmwcas/src/PMWCAS-build/CMakeFiles/CheckTypeSize/HAVE___UINT16.c:27:31: error: expected ‘)’ before ‘__int16’
   27 | #define SIZE (sizeof(unsigned __int16))
      |                     ~         ^~~~~~~
/home/cwk/bztree/build/pmwcas/src/PMWCAS-build/CMakeFiles/CheckTypeSize/HAVE___UINT16.c:30:12: note: in expansion of macro ‘SIZE’
   30 |   ('0' + ((SIZE / 1000)%10)),
      |            ^~~~
/home/cwk/bztree/build/pmwcas/src/PMWCAS-build/CMakeFiles/CheckTypeSize/HAVE___UINT16.c:27:31: error: expected ‘)’ before ‘__int16’
   27 | #define SIZE (sizeof(unsigned __int16))
      |                     ~         ^~~~~~~
/home/cwk/bztree/build/pmwcas/src/PMWCAS-build/CMakeFiles/CheckTypeSize/HAVE___UINT16.c:31:12: note: in expansion of macro ‘SIZE’
   31 |   ('0' + ((SIZE / 100)%10)),
      |            ^~~~
/home/cwk/bztree/build/pmwcas/src/PMWCAS-build/CMakeFiles/CheckTypeSize/HAVE___UINT16.c:27:31: error: expected ‘)’ before ‘__int16’
   27 | #define SIZE (sizeof(unsigned __int16))
      |                     ~         ^~~~~~~
/home/cwk/bztree/build/pmwcas/src/PMWCAS-build/CMakeFiles/CheckTypeSize/HAVE___UINT16.c:32:12: note: in expansion of macro ‘SIZE’
   32 |   ('0' + ((SIZE / 10)%10)),
      |            ^~~~
/home/cwk/bztree/build/pmwcas/src/PMWCAS-build/CMakeFiles/CheckTypeSize/HAVE___UINT16.c:27:31: error: expected ‘)’ before ‘__int16’
   27 | #define SIZE (sizeof(unsigned __int16))
      |                     ~         ^~~~~~~
/home/cwk/bztree/build/pmwcas/src/PMWCAS-build/CMakeFiles/CheckTypeSize/HAVE___UINT16.c:33:12: note: in expansion of macro ‘SIZE’
   33 |   ('0' +  (SIZE    % 10)),
      |            ^~~~
gmake[4]: *** [CMakeFiles/cmTC_3d8ef.dir/build.make:78: CMakeFiles/cmTC_3d8ef.dir/HAVE___UINT16.c.o] Error 1
gmake[4]: Leaving directory '/home/cwk/bztree/build/pmwcas/src/PMWCAS-build/CMakeFiles/CMakeTmp'
gmake[3]: *** [Makefile:127: cmTC_3d8ef/fast] Error 2
gmake[3]: Leaving directory '/home/cwk/bztree/build/pmwcas/src/PMWCAS-build/CMakeFiles/CMakeTmp'


/home/cwk/bztree/build/pmwcas/src/PMWCAS-build/CMakeFiles/CheckTypeSize/HAVE___UINT16.c:
#include <sys/types.h>
#include <stdint.h>
#include <stddef.h>


#undef KEY
#if defined(__i386)
# define KEY '_','_','i','3','8','6'
#elif defined(__x86_64)
# define KEY '_','_','x','8','6','_','6','4'
#elif defined(__PPC64__)
# define KEY '_','_','P','P','C','6','4','_','_'
#elif defined(__ppc64__)
# define KEY '_','_','p','p','c','6','4','_','_'
#elif defined(__PPC__)
# define KEY '_','_','P','P','C','_','_'
#elif defined(__ppc__)
# define KEY '_','_','p','p','c','_','_'
#elif defined(__aarch64__)
# define KEY '_','_','a','a','r','c','h','6','4','_','_'
#elif defined(__ARM_ARCH_7A__)
# define KEY '_','_','A','R','M','_','A','R','C','H','_','7','A','_','_'
#elif defined(__ARM_ARCH_7S__)
# define KEY '_','_','A','R','M','_','A','R','C','H','_','7','S','_','_'
#endif

#define SIZE (sizeof(unsigned __int16))
static char info_size[] =  {'I', 'N', 'F', 'O', ':', 's','i','z','e','[',
  ('0' + ((SIZE / 10000)%10)),
  ('0' + ((SIZE / 1000)%10)),
  ('0' + ((SIZE / 100)%10)),
  ('0' + ((SIZE / 10)%10)),
  ('0' +  (SIZE    % 10)),
  ']',
#ifdef KEY
  ' ','k','e','y','[', KEY, ']',
#endif
  '\0'};

#ifdef __CLASSIC_C__
int main(argc, argv) int argc; char *argv[];
#else
int main(int argc, char *argv[])
#endif
{
  int require = 0;
  require += info_size[argc];
  (void)argv;
  return require;
}


Performing C++ SOURCE FILE Test HAVE_NO_UNNAMED_TYPE_TEMPLATE_ARGS failed with the following output:
Change Dir: /home/cwk/bztree/build/pmwcas/src/PMWCAS-build/CMakeFiles/CMakeTmp

Run Build Command(s):/usr/bin/gmake -f Makefile cmTC_fb8c4/fast && gmake[3]: Entering directory '/home/cwk/bztree/build/pmwcas/src/PMWCAS-build/CMakeFiles/CMakeTmp'
/usr/bin/gmake  -f CMakeFiles/cmTC_fb8c4.dir/build.make CMakeFiles/cmTC_fb8c4.dir/build
gmake[4]: Entering directory '/home/cwk/bztree/build/pmwcas/src/PMWCAS-build/CMakeFiles/CMakeTmp'
Building CXX object CMakeFiles/cmTC_fb8c4.dir/src.cxx.o
/usr/bin/c++ -DHAVE_NO_UNNAMED_TYPE_TEMPLATE_ARGS  -Wno-long-long -pedantic -fPIC -march=native    -Wunnamed-type-template-args -o CMakeFiles/cmTC_fb8c4.dir/src.cxx.o -c /home/cwk/bztree/build/pmwcas/src/PMWCAS-build/CMakeFiles/CMakeTmp/src.cxx
c++: error: unrecognized command-line option '-Wunnamed-type-template-args'
gmake[4]: *** [CMakeFiles/cmTC_fb8c4.dir/build.make:78: CMakeFiles/cmTC_fb8c4.dir/src.cxx.o] Error 1
gmake[4]: Leaving directory '/home/cwk/bztree/build/pmwcas/src/PMWCAS-build/CMakeFiles/CMakeTmp'
gmake[3]: *** [Makefile:127: cmTC_fb8c4/fast] Error 2
gmake[3]: Leaving directory '/home/cwk/bztree/build/pmwcas/src/PMWCAS-build/CMakeFiles/CMakeTmp'


Source file was:
int main() { return 0; }
Determining if the function get_static_proc_name exists in the unwind failed with the following output:
Change Dir: /home/cwk/bztree/build/pmwcas/src/PMWCAS-build/CMakeFiles/CMakeTmp

Run Build Command(s):/usr/bin/gmake -f Makefile cmTC_aa7ee/fast && gmake[3]: Entering directory '/home/cwk/bztree/build/pmwcas/src/PMWCAS-build/CMakeFiles/CMakeTmp'
/usr/bin/gmake  -f CMakeFiles/cmTC_aa7ee.dir/build.make CMakeFiles/cmTC_aa7ee.dir/build
gmake[4]: Entering directory '/home/cwk/bztree/build/pmwcas/src/PMWCAS-build/CMakeFiles/CMakeTmp'
Building C object CMakeFiles/cmTC_aa7ee.dir/CheckFunctionExists.c.o
/usr/bin/cc   -DCHECK_FUNCTION_EXISTS=get_static_proc_name -o CMakeFiles/cmTC_aa7ee.dir/CheckFunctionExists.c.o -c /usr/share/cmake-3.22/Modules/CheckFunctionExists.c
Linking C executable cmTC_aa7ee
/usr/bin/cmake -E cmake_link_script CMakeFiles/cmTC_aa7ee.dir/link.txt --verbose=1
/usr/bin/cc  -DCHECK_FUNCTION_EXISTS=get_static_proc_name -rdynamic CMakeFiles/cmTC_aa7ee.dir/CheckFunctionExists.c.o -o cmTC_aa7ee  -lunwind 
/usr/bin/ld: CMakeFiles/cmTC_aa7ee.dir/CheckFunctionExists.c.o: in function `main':
CheckFunctionExists.c:(.text+0x14): undefined reference to `get_static_proc_name'
collect2: error: ld returned 1 exit status
gmake[4]: *** [CMakeFiles/cmTC_aa7ee.dir/build.make:99: cmTC_aa7ee] Error 1
gmake[4]: Leaving directory '/home/cwk/bztree/build/pmwcas/src/PMWCAS-build/CMakeFiles/CMakeTmp'
gmake[3]: *** [Makefile:127: cmTC_aa7ee/fast] Error 2
gmake[3]: Leaving directory '/home/cwk/bztree/build/pmwcas/src/PMWCAS-build/CMakeFiles/CMakeTmp'



Determining if the function UnDecorateSymbolName exists in the dbghelp failed with the following output:
Change Dir: /home/cwk/bztree/build/pmwcas/src/PMWCAS-build/CMakeFiles/CMakeTmp

Run Build Command(s):/usr/bin/gmake -f Makefile cmTC_9061b/fast && gmake[3]: Entering directory '/home/cwk/bztree/build/pmwcas/src/PMWCAS-build/CMakeFiles/CMakeTmp'
/usr/bin/gmake  -f CMakeFiles/cmTC_9061b.dir/build.make CMakeFiles/cmTC_9061b.dir/build
gmake[4]: Entering directory '/home/cwk/bztree/build/pmwcas/src/PMWCAS-build/CMakeFiles/CMakeTmp'
Building C object CMakeFiles/cmTC_9061b.dir/CheckFunctionExists.c.o
/usr/bin/cc   -DCHECK_FUNCTION_EXISTS=UnDecorateSymbolName -o CMakeFiles/cmTC_9061b.dir/CheckFunctionExists.c.o -c /usr/share/cmake-3.22/Modules/CheckFunctionExists.c
Linking C executable cmTC_9061b
/usr/bin/cmake -E cmake_link_script CMakeFiles/cmTC_9061b.dir/link.txt --verbose=1
/usr/bin/cc  -DCHECK_FUNCTION_EXISTS=UnDecorateSymbolName -rdynamic CMakeFiles/cmTC_9061b.dir/CheckFunctionExists.c.o -o cmTC_9061b  -ldbghelp 
/usr/bin/ld: cannot find -ldbghelp: No such file or directory
collect2: error: ld returned 1 exit status
gmake[4]: *** [CMakeFiles/cmTC_9061b.dir/build.make:99: cmTC_9061b] Error 1
gmake[4]: Leaving directory '/home/cwk/bztree/build/pmwcas/src/PMWCAS-build/CMakeFiles/CMakeTmp'
gmake[3]: *** [Makefile:127: cmTC_9061b/fast] Error 2
gmake[3]: Leaving directory '/home/cwk/bztree/build/pmwcas/src/PMWCAS-build/CMakeFiles/CMakeTmp'



Performing C SOURCE FILE Test HAVE___DECLSPEC failed with the following output:
Change Dir: /home/cwk/bztree/build/pmwcas/src/PMWCAS-build/CMakeFiles/CMakeTmp

Run Build Command(s):/usr/bin/gmake -f Makefile cmTC_c2098/fast && gmake[3]: Entering directory '/home/cwk/bztree/build/pmwcas/src/PMWCAS-build/CMakeFiles/CMakeTmp'
/usr/bin/gmake  -f CMakeFiles/cmTC_c2098.dir/build.make CMakeFiles/cmTC_c2098.dir/build
gmake[4]: Entering directory '/home/cwk/bztree/build/pmwcas/src/PMWCAS-build/CMakeFiles/CMakeTmp'
Building C object CMakeFiles/cmTC_c2098.dir/src.c.o
/usr/bin/cc -DHAVE___DECLSPEC   -o CMakeFiles/cmTC_c2098.dir/src.c.o -c /home/cwk/bztree/build/pmwcas/src/PMWCAS-build/CMakeFiles/CMakeTmp/src.c
/home/cwk/bztree/build/pmwcas/src/PMWCAS-build/CMakeFiles/CMakeTmp/src.c:2:1: warning: return type defaults to ‘int’ [-Wimplicit-int]
    2 | __declspec(selectany) int a;
      | ^~~~~~~~~~
/home/cwk/bztree/build/pmwcas/src/PMWCAS-build/CMakeFiles/CMakeTmp/src.c: In function ‘__declspec’:
/home/cwk/bztree/build/pmwcas/src/PMWCAS-build/CMakeFiles/CMakeTmp/src.c:3:16: error: expected ‘=’, ‘,’, ‘;’, ‘asm’ or ‘__attribute__’ before ‘{’ token
    3 | int main(void) { return 0; }
      |                ^
/home/cwk/bztree/build/pmwcas/src/PMWCAS-build/CMakeFiles/CMakeTmp/src.c:2:1: warning: type of ‘selectany’ defaults to ‘int’ [-Wimplicit-int]
    2 | __declspec(selectany) int a;
      | ^~~~~~~~~~
/home/cwk/bztree/build/pmwcas/src/PMWCAS-build/CMakeFiles/CMakeTmp/src.c:2:27: error: declaration for parameter ‘a’ but no such parameter
    2 | __declspec(selectany) int a;
      |                           ^
/home/cwk/bztree/build/pmwcas/src/PMWCAS-build/CMakeFiles/CMakeTmp/src.c:5: error: expected ‘{’ at end of input
gmake[4]: *** [CMakeFiles/cmTC_c2098.dir/build.make:78: CMakeFiles/cmTC_c2098.dir/src.c.o] Error 1
gmake[4]: Leaving directory '/home/cwk/bztree/build/pmwcas/src/PMWCAS-build/CMakeFiles/CMakeTmp'
gmake[3]: *** [Makefile:127: cmTC_c2098/fast] Error 2
gmake[3]: Leaving directory '/home/cwk/bztree/build/pmwcas/src/PMWCAS-build/CMakeFiles/CMakeTmp'


Source file was:

__declspec(selectany) int a;
int main(void) { return 0; }

Performing C++ SOURCE FILE Test STL_NO_NAMESPACE failed with the following output:
Change Dir: /home/cwk/bztree/build/pmwcas/src/PMWCAS-build/CMakeFiles/CMakeTmp

Run Build Command(s):/usr/bin/gmake -f Makefile cmTC_3670e/fast && gmake[3]: Entering directory '/home/cwk/bztree/build/pmwcas/src/PMWCAS-build/CMakeFiles/CMakeTmp'
/usr/bin/gmake  -f CMakeFiles/cmTC_3670e.dir/build.make CMakeFiles/cmTC_3670e.dir/build
gmake[4]: Entering directory '/home/cwk/bztree/build/pmwcas/src/PMWCAS-build/CMakeFiles/CMakeTmp'
Building CXX object CMakeFiles/cmTC_3670e.dir/src.cxx.o
/usr/bin/c++ -DSTL_NO_NAMESPACE  -Wno-long-long -pedantic -fPIC -march=native  -o CMakeFiles/cmTC_3670e.dir/src.cxx.o -c /home/cwk/bztree/build/pmwcas/src/PMWCAS-build/CMakeFiles/CMakeTmp/src.cxx
/home/cwk/bztree/build/pmwcas/src/PMWCAS-build/CMakeFiles/CMakeTmp/src.cxx:3:1: error: ‘vector’ does not name a type
    3 | vector<int> t; int main() { }
      | ^~~~~~
gmake[4]: *** [CMakeFiles/cmTC_3670e.dir/build.make:78: CMakeFiles/cmTC_3670e.dir/src.cxx.o] Error 1
gmake[4]: Leaving directory '/home/cwk/bztree/build/pmwcas/src/PMWCAS-build/CMakeFiles/CMakeTmp'
gmake[3]: *** [Makefile:127: cmTC_3670e/fast] Error 2
gmake[3]: Leaving directory '/home/cwk/bztree/build/pmwcas/src/PMWCAS-build/CMakeFiles/CMakeTmp'


Source file was:

#include <vector>
vector<int> t; int main() { }

Performing C++ SOURCE FILE Test HAVE_MSVC_TLS failed with the following output:
Change Dir: /home/cwk/bztree/build/pmwcas/src/PMWCAS-build/CMakeFiles/CMakeTmp

Run Build Command(s):/usr/bin/gmake -f Makefile cmTC_8fded/fast && gmake[3]: Entering directory '/home/cwk/bztree/build/pmwcas/src/PMWCAS-build/CMakeFiles/CMakeTmp'
/usr/bin/gmake  -f CMakeFiles/cmTC_8fded.dir/build.make CMakeFiles/cmTC_8fded.dir/build
gmake[4]: Entering directory '/home/cwk/bztree/build/pmwcas/src/PMWCAS-build/CMakeFiles/CMakeTmp'
Building CXX object CMakeFiles/cmTC_8fded.dir/src.cxx.o
/usr/bin/c++ -DHAVE_MSVC_TLS  -Wno-long-long -pedantic -fPIC -march=native  -o CMakeFiles/cmTC_8fded.dir/src.cxx.o -c /home/cwk/bztree/build/pmwcas/src/PMWCAS-build/CMakeFiles/CMakeTmp/src.cxx
/home/cwk/bztree/build/pmwcas/src/PMWCAS-build/CMakeFiles/CMakeTmp/src.cxx:2:11: error: expected constructor, destructor, or type conversion before ‘(’ token
    2 | __declspec(thread) int tls;
      |           ^
gmake[4]: *** [CMakeFiles/cmTC_8fded.dir/build.make:78: CMakeFiles/cmTC_8fded.dir/src.cxx.o] Error 1
gmake[4]: Leaving directory '/home/cwk/bztree/build/pmwcas/src/PMWCAS-build/CMakeFiles/CMakeTmp'
gmake[3]: *** [Makefile:127: cmTC_8fded/fast] Error 2
gmake[3]: Leaving directory '/home/cwk/bztree/build/pmwcas/src/PMWCAS-build/CMakeFiles/CMakeTmp'


Source file was:

__declspec(thread) int tls;
int main() { }

